<?xml version="1.0" encoding="UTF-8"?>
<!-- Generated by org.testng.reporters.JUnitReportReporter -->
<testsuite hostname="Murali_Nag" failures="0" tests="1" name="testRunnerTestNG.TestRunnerTestNG" time="24.843" errors="0" timestamp="2024-05-03T07:06:40 IST" skipped="0">
  <testcase classname="testRunnerTestNG.TestRunnerTestNG" name="runScenario" time="24.843"/>
</testsuite> <!-- testRunnerTestNG.TestRunnerTestNG -->
